# JRE version: OpenJDK Runtime Environment (11.0.8+10) (build 11.0.8+10-b944.6842174)
# Java VM: OpenJDK 64-Bit Server VM (11.0.8+10-b944.6842174, mixed mode, tiered, compressed oops, g1 gc, windows-amd64)
Heap:
 garbage-first heap   total 262144K, used 168732K [0x0000000080000000, 0x0000000100000000)
  region size 1024K, 77 young (78848K), 15 survivors (15360K)
 Metaspace       used 114778K, capacity 117902K, committed 118100K, reserved 1150976K
  class space    used 14630K, capacity 15776K, committed 15820K, reserved 1048576K
GC Heap History (20 events):
Event: 9.873 GC heap before
{Heap before GC invocations=8 (full 0):
 garbage-first heap   total 262144K, used 65029K [0x0000000080000000, 0x0000000100000000)
  region size 1024K, 39 young (39936K), 20 survivors (20480K)
 Metaspace       used 58725K, capacity 60151K, committed 60236K, reserved 1101824K
  class space    used 7444K, capacity 7964K, committed 8012K, reserved 1048576K
}
Event: 9.896 GC heap after
{Heap after GC invocations=9 (full 0):
 garbage-first heap   total 262144K, used 50161K [0x0000000080000000, 0x0000000100000000)
  region size 1024K, 4 young (4096K), 4 survivors (4096K)
 Metaspace       used 58725K, capacity 60151K, committed 60236K, reserved 1101824K
  class space    used 7444K, capacity 7964K, committed 8012K, reserved 1048576K
}
Event: 12.050 GC heap before
{Heap before GC invocations=10 (full 0):
 garbage-first heap   total 262144K, used 140273K [0x0000000080000000, 0x0000000100000000)
  region size 1024K, 92 young (94208K), 4 survivors (4096K)
 Metaspace       used 66729K, capacity 68251K, committed 68428K, reserved 1107968K
  class space    used 8643K, capacity 9208K, committed 9292K, reserved 1048576K
}
Event: 12.056 GC heap after
{Heap after GC invocations=11 (full 0):
 garbage-first heap   total 262144K, used 54071K [0x0000000080000000, 0x0000000100000000)
  region size 1024K, 8 young (8192K), 8 survivors (8192K)
 Metaspace       used 66729K, capacity 68251K, committed 68428K, reserved 1107968K
  class space    used 8643K, capacity 9208K, committed 9292K, reserved 1048576K
}
Event: 13.432 GC heap before
{Heap before GC invocations=11 (full 0):
 garbage-first heap   total 262144K, used 151351K [0x0000000080000000, 0x0000000100000000)
  region size 1024K, 103 young (105472K), 8 survivors (8192K)
 Metaspace       used 76881K, capacity 78648K, committed 78796K, reserved 1118208K
  class space    used 10026K, capacity 10627K, committed 10700K, reserved 1048576K
}
Event: 13.441 GC heap after
{Heap after GC invocations=12 (full 0):
 garbage-first heap   total 262144K, used 60247K [0x0000000080000000, 0x0000000100000000)
  region size 1024K, 13 young (13312K), 13 survivors (13312K)
 Metaspace       used 76881K, capacity 78648K, committed 78796K, reserved 1118208K
  class space    used 10026K, capacity 10627K, committed 10700K, reserved 1048576K
}
Event: 14.496 GC heap before
{Heap before GC invocations=12 (full 0):
 garbage-first heap   total 262144K, used 160599K [0x0000000080000000, 0x0000000100000000)
  region size 1024K, 112 young (114688K), 13 survivors (13312K)
 Metaspace       used 80802K, capacity 82828K, committed 83020K, reserved 1120256K
  class space    used 10514K, capacity 11247K, committed 11340K, reserved 1048576K
}
Event: 14.507 GC heap after
{Heap after GC invocations=13 (full 0):
 garbage-first heap   total 262144K, used 65543K [0x0000000080000000, 0x0000000100000000)
  region size 1024K, 12 young (12288K), 12 survivors (12288K)
 Metaspace       used 80802K, capacity 82828K, committed 83020K, reserved 1120256K
  class space    used 10514K, capacity 11247K, committed 11340K, reserved 1048576K
}
Event: 15.452 GC heap before
{Heap before GC invocations=13 (full 0):
 garbage-first heap   total 262144K, used 171015K [0x0000000080000000, 0x0000000100000000)
  region size 1024K, 116 young (118784K), 12 survivors (12288K)
 Metaspace       used 84214K, capacity 86330K, committed 86476K, reserved 1124352K
  class space    used 10912K, capacity 11662K, committed 11724K, reserved 1048576K
}
Event: 15.465 GC heap after
{Heap after GC invocations=14 (full 0):
 garbage-first heap   total 262144K, used 70813K [0x0000000080000000, 0x0000000100000000)
  region size 1024K, 11 young (11264K), 11 survivors (11264K)
 Metaspace       used 84214K, capacity 86330K, committed 86476K, reserved 1124352K
  class space    used 10912K, capacity 11662K, committed 11724K, reserved 1048576K
}
Event: 98.648 GC heap before
{Heap before GC invocations=14 (full 0):
 garbage-first heap   total 262144K, used 180381K [0x0000000080000000, 0x0000000100000000)
  region size 1024K, 119 young (121856K), 11 survivors (11264K)
 Metaspace       used 89832K, capacity 92122K, committed 92364K, reserved 1130496K
  class space    used 11366K, capacity 12154K, committed 12236K, reserved 1048576K
}
Event: 98.664 GC heap after
{Heap after GC invocations=15 (full 0):
 garbage-first heap   total 262144K, used 77013K [0x0000000080000000, 0x0000000100000000)
  region size 1024K, 13 young (13312K), 13 survivors (13312K)
 Metaspace       used 89832K, capacity 92122K, committed 92364K, reserved 1130496K
  class space    used 11366K, capacity 12154K, committed 12236K, reserved 1048576K
}
Event: 101.610 GC heap before
{Heap before GC invocations=15 (full 0):
 garbage-first heap   total 262144K, used 186581K [0x0000000080000000, 0x0000000100000000)
  region size 1024K, 121 young (123904K), 13 survivors (13312K)
 Metaspace       used 90029K, capacity 92302K, committed 92364K, reserved 1130496K
  class space    used 11372K, capacity 12189K, committed 12236K, reserved 1048576K
}
Event: 101.629 GC heap after
{Heap after GC invocations=16 (full 0):
 garbage-first heap   total 262144K, used 82304K [0x0000000080000000, 0x0000000100000000)
  region size 1024K, 13 young (13312K), 13 survivors (13312K)
 Metaspace       used 90029K, capacity 92302K, committed 92364K, reserved 1130496K
  class space    used 11372K, capacity 12189K, committed 12236K, reserved 1048576K
}
Event: 108.249 GC heap before
{Heap before GC invocations=16 (full 0):
 garbage-first heap   total 262144K, used 192896K [0x0000000080000000, 0x0000000100000000)
  region size 1024K, 122 young (124928K), 13 survivors (13312K)
 Metaspace       used 95584K, capacity 98043K, committed 98252K, reserved 1134592K
  class space    used 12087K, capacity 12945K, committed 13004K, reserved 1048576K
}
Event: 108.267 GC heap after
{Heap after GC invocations=17 (full 0):
 garbage-first heap   total 262144K, used 86664K [0x0000000080000000, 0x0000000100000000)
  region size 1024K, 11 young (11264K), 11 survivors (11264K)
 Metaspace       used 95584K, capacity 98043K, committed 98252K, reserved 1134592K
  class space    used 12087K, capacity 12945K, committed 13004K, reserved 1048576K
}
Event: 109.311 GC heap before
{Heap before GC invocations=17 (full 0):
 garbage-first heap   total 262144K, used 130696K [0x0000000080000000, 0x0000000100000000)
  region size 1024K, 55 young (56320K), 11 survivors (11264K)
 Metaspace       used 98109K, capacity 100671K, committed 100820K, reserved 1136640K
  class space    used 12391K, capacity 13308K, committed 13388K, reserved 1048576K
}
Event: 109.337 GC heap after
{Heap after GC invocations=18 (full 0):
 garbage-first heap   total 262144K, used 90664K [0x0000000080000000, 0x0000000100000000)
  region size 1024K, 10 young (10240K), 10 survivors (10240K)
 Metaspace       used 98109K, capacity 100671K, committed 100820K, reserved 1136640K
  class space    used 12391K, capacity 13308K, committed 13388K, reserved 1048576K
}
Event: 112.375 GC heap before
{Heap before GC invocations=19 (full 0):
 garbage-first heap   total 262144K, used 208424K [0x0000000080000000, 0x0000000100000000)
  region size 1024K, 120 young (122880K), 10 survivors (10240K)
 Metaspace       used 112036K, capacity 114980K, committed 115156K, reserved 1148928K
  class space    used 14309K, capacity 15372K, committed 15436K, reserved 1048576K
}
Event: 112.404 GC heap after
{Heap after GC invocations=20 (full 0):
 garbage-first heap   total 262144K, used 105244K [0x0000000080000000, 0x0000000100000000)
  region size 1024K, 15 young (15360K), 15 survivors (15360K)
 Metaspace       used 112036K, capacity 114980K, committed 115156K, reserved 1148928K
  class space    used 14309K, capacity 15372K, committed 15436K, reserved 1048576K
}

