# JRE version: OpenJDK Runtime Environment (11.0.8+10) (build 11.0.8+10-b944.6842174)
# Java VM: OpenJDK 64-Bit Server VM (11.0.8+10-b944.6842174, mixed mode, tiered, compressed oops, g1 gc, windows-amd64)
Heap:
 garbage-first heap   total 262144K, used 141605K [0x0000000080000000, 0x0000000100000000)
  region size 1024K, 20 young (20480K), 4 survivors (4096K)
 Metaspace       used 124277K, capacity 127514K, committed 127824K, reserved 1161216K
  class space    used 15402K, capacity 16534K, committed 16640K, reserved 1048576K
GC Heap History (20 events):
Event: 14.684 GC heap before
{Heap before GC invocations=15 (full 0):
 garbage-first heap   total 262144K, used 194849K [0x0000000080000000, 0x0000000100000000)
  region size 1024K, 112 young (114688K), 14 survivors (14336K)
 Metaspace       used 102094K, capacity 104605K, committed 104912K, reserved 1140736K
  class space    used 13025K, capacity 13866K, committed 13952K, reserved 1048576K
}
Event: 14.699 GC heap after
{Heap after GC invocations=16 (full 0):
 garbage-first heap   total 262144K, used 103028K [0x0000000080000000, 0x0000000100000000)
  region size 1024K, 14 young (14336K), 14 survivors (14336K)
 Metaspace       used 102094K, capacity 104605K, committed 104912K, reserved 1140736K
  class space    used 13025K, capacity 13866K, committed 13952K, reserved 1048576K
}
Event: 262.004 GC heap before
{Heap before GC invocations=16 (full 0):
 garbage-first heap   total 262144K, used 202356K [0x0000000080000000, 0x0000000100000000)
  region size 1024K, 111 young (113664K), 14 survivors (14336K)
 Metaspace       used 110594K, capacity 113429K, committed 113616K, reserved 1148928K
  class space    used 13914K, capacity 14919K, committed 14976K, reserved 1048576K
}
Event: 262.018 GC heap after
{Heap after GC invocations=17 (full 0):
 garbage-first heap   total 262144K, used 106410K [0x0000000080000000, 0x0000000100000000)
  region size 1024K, 11 young (11264K), 11 survivors (11264K)
 Metaspace       used 110594K, capacity 113429K, committed 113616K, reserved 1148928K
  class space    used 13914K, capacity 14919K, committed 14976K, reserved 1048576K
}
Event: 262.640 GC heap before
{Heap before GC invocations=17 (full 0):
 garbage-first heap   total 262144K, used 163754K [0x0000000080000000, 0x0000000100000000)
  region size 1024K, 69 young (70656K), 11 survivors (11264K)
 Metaspace       used 112017K, capacity 114980K, committed 115024K, reserved 1148928K
  class space    used 14066K, capacity 15100K, committed 15104K, reserved 1048576K
}
Event: 262.663 GC heap after
{Heap after GC invocations=18 (full 0):
 garbage-first heap   total 262144K, used 112739K [0x0000000080000000, 0x0000000100000000)
  region size 1024K, 11 young (11264K), 11 survivors (11264K)
 Metaspace       used 112017K, capacity 114980K, committed 115024K, reserved 1148928K
  class space    used 14066K, capacity 15100K, committed 15104K, reserved 1048576K
}
Event: 263.919 GC heap before
{Heap before GC invocations=19 (full 0):
 garbage-first heap   total 262144K, used 204899K [0x0000000080000000, 0x0000000100000000)
  region size 1024K, 97 young (99328K), 11 survivors (11264K)
 Metaspace       used 114376K, capacity 117278K, committed 117712K, reserved 1150976K
  class space    used 14340K, capacity 15334K, committed 15488K, reserved 1048576K
}
Event: 263.976 GC heap after
{Heap after GC invocations=20 (full 0):
 garbage-first heap   total 262144K, used 129324K [0x0000000080000000, 0x0000000100000000)
  region size 1024K, 13 young (13312K), 13 survivors (13312K)
 Metaspace       used 114376K, capacity 117278K, committed 117712K, reserved 1150976K
  class space    used 14340K, capacity 15334K, committed 15488K, reserved 1048576K
}
Event: 264.308 GC heap before
{Heap before GC invocations=21 (full 0):
 garbage-first heap   total 262144K, used 150828K [0x0000000080000000, 0x0000000100000000)
  region size 1024K, 35 young (35840K), 13 survivors (13312K)
 Metaspace       used 114465K, capacity 117408K, committed 117712K, reserved 1150976K
  class space    used 14347K, capacity 15334K, committed 15488K, reserved 1048576K
}
Event: 264.338 GC heap after
{Heap after GC invocations=22 (full 0):
 garbage-first heap   total 262144K, used 136760K [0x0000000080000000, 0x0000000100000000)
  region size 1024K, 7 young (7168K), 7 survivors (7168K)
 Metaspace       used 114465K, capacity 117408K, committed 117712K, reserved 1150976K
  class space    used 14347K, capacity 15334K, committed 15488K, reserved 1048576K
}
Event: 264.946 GC heap before
{Heap before GC invocations=23 (full 0):
 garbage-first heap   total 262144K, used 199224K [0x0000000080000000, 0x0000000100000000)
  region size 1024K, 56 young (57344K), 7 survivors (7168K)
 Metaspace       used 117236K, capacity 120320K, committed 120528K, reserved 1155072K
  class space    used 14583K, capacity 15644K, committed 15744K, reserved 1048576K
}
Event: 264.954 GC heap after
{Heap after GC invocations=24 (full 0):
 garbage-first heap   total 262144K, used 135733K [0x0000000080000000, 0x0000000100000000)
  region size 1024K, 5 young (5120K), 5 survivors (5120K)
 Metaspace       used 117236K, capacity 120320K, committed 120528K, reserved 1155072K
  class space    used 14583K, capacity 15644K, committed 15744K, reserved 1048576K
}
Event: 265.779 GC heap before
{Heap before GC invocations=24 (full 0):
 garbage-first heap   total 262144K, used 191029K [0x0000000080000000, 0x0000000100000000)
  region size 1024K, 60 young (61440K), 5 survivors (5120K)
 Metaspace       used 120151K, capacity 123228K, committed 123344K, reserved 1157120K
  class space    used 14845K, capacity 15902K, committed 16000K, reserved 1048576K
}
Event: 265.785 GC heap after
{Heap after GC invocations=25 (full 0):
 garbage-first heap   total 262144K, used 135631K [0x0000000080000000, 0x0000000100000000)
  region size 1024K, 4 young (4096K), 4 survivors (4096K)
 Metaspace       used 120151K, capacity 123228K, committed 123344K, reserved 1157120K
  class space    used 14845K, capacity 15902K, committed 16000K, reserved 1048576K
}
Event: 266.324 GC heap before
{Heap before GC invocations=26 (full 0):
 garbage-first heap   total 262144K, used 187855K [0x0000000080000000, 0x0000000100000000)
  region size 1024K, 63 young (64512K), 4 survivors (4096K)
 Metaspace       used 120316K, capacity 123358K, committed 123600K, reserved 1157120K
  class space    used 14861K, capacity 15917K, committed 16000K, reserved 1048576K
}
Event: 266.331 GC heap after
{Heap after GC invocations=27 (full 0):
 garbage-first heap   total 262144K, used 131404K [0x0000000080000000, 0x0000000100000000)
  region size 1024K, 7 young (7168K), 7 survivors (7168K)
 Metaspace       used 120316K, capacity 123358K, committed 123600K, reserved 1157120K
  class space    used 14861K, capacity 15917K, committed 16000K, reserved 1048576K
}
Event: 266.373 GC heap before
{Heap before GC invocations=27 (full 0):
 garbage-first heap   total 262144K, used 135500K [0x0000000080000000, 0x0000000100000000)
  region size 1024K, 12 young (12288K), 7 survivors (7168K)
 Metaspace       used 120344K, capacity 123366K, committed 123600K, reserved 1157120K
  class space    used 14863K, capacity 15918K, committed 16000K, reserved 1048576K
}
Event: 266.381 GC heap after
{Heap after GC invocations=28 (full 0):
 garbage-first heap   total 262144K, used 123787K [0x0000000080000000, 0x0000000100000000)
  region size 1024K, 2 young (2048K), 2 survivors (2048K)
 Metaspace       used 120344K, capacity 123366K, committed 123600K, reserved 1157120K
  class space    used 14863K, capacity 15918K, committed 16000K, reserved 1048576K
}
Event: 270.267 GC heap before
{Heap before GC invocations=28 (full 0):
 garbage-first heap   total 262144K, used 194443K [0x0000000080000000, 0x0000000100000000)
  region size 1024K, 72 young (73728K), 2 survivors (2048K)
 Metaspace       used 122319K, capacity 125379K, committed 125648K, reserved 1159168K
  class space    used 15082K, capacity 16140K, committed 16256K, reserved 1048576K
}
Event: 270.273 GC heap after
{Heap after GC invocations=29 (full 0):
 garbage-first heap   total 262144K, used 126245K [0x0000000080000000, 0x0000000100000000)
  region size 1024K, 4 young (4096K), 4 survivors (4096K)
 Metaspace       used 122319K, capacity 125379K, committed 125648K, reserved 1159168K
  class space    used 15082K, capacity 16140K, committed 16256K, reserved 1048576K
}

